<?xml version="1.0" encoding="UTF-8"?>
<testng-results total="1" passed="1" failed="0" skipped="0">
  <reporter-output>
  </reporter-output>
  <suite started-at="2022-10-17T04:41:45Z" name="SampleProj.Bing_Test" finished-at="2022-10-17T04:41:52Z" duration-ms="6366">
    <groups>
    </groups>
    <test started-at="2022-10-17T04:41:45Z" name="Command line test" finished-at="2022-10-17T04:41:52Z" duration-ms="6366">
      <class name="SampleProj.Bing_Test">
        <test-method signature="setUp()[pri:0, instance:SampleProj.Bing_Test@5cee5251]" started-at="2022-10-17T10:11:45Z" name="setUp" finished-at="2022-10-17T10:11:51Z" duration-ms="5437" status="PASS">
          <reporter-output>
          </reporter-output>
        </test-method> <!-- setUp -->
        <test-method is-config="true" signature="CloseBrowser()[pri:0, instance:SampleProj.Bing_Test@5cee5251]" started-at="2022-10-17T10:11:51Z" name="CloseBrowser" finished-at="2022-10-17T10:11:52Z" duration-ms="922" status="PASS">
          <reporter-output>
          </reporter-output>
        </test-method> <!-- CloseBrowser -->
      </class> <!-- SampleProj.Bing_Test -->
    </test> <!-- Command line test -->
  </suite> <!-- SampleProj.Bing_Test -->
</testng-results>
